C:\USERS\SEBA\DOCUMENTS\SOURCES\VIRT_DRIVE\TEST_DRV5\DRV_INSTALLER\DEBUG\DRV_INSTALLER.OBJ
C:\USERS\SEBA\DOCUMENTS\SOURCES\VIRT_DRIVE\TEST_DRV5\DRV_INSTALLER\DEBUG\STDAFX.OBJ
C:\USERS\SEBA\DOCUMENTS\SOURCES\VIRT_DRIVE\TEST_DRV5\DRV_INSTALLER\DEBUG\VC110.PDB
C:\USERS\SEBA\DOCUMENTS\SOURCES\VIRT_DRIVE\TEST_DRV5\DEBUG\DRV_INSTALLER.ILK
C:\USERS\SEBA\DOCUMENTS\SOURCES\VIRT_DRIVE\TEST_DRV5\DEBUG\DRV_INSTALLER.EXE
C:\USERS\SEBA\DOCUMENTS\SOURCES\VIRT_DRIVE\TEST_DRV5\DEBUG\DRV_INSTALLER.PDB
C:\Users\seba\Documents\sources\virt_drive\test_drv5\drv_installer\Debug\drv_installer.obj
C:\Users\seba\Documents\sources\virt_drive\test_drv5\drv_installer\Debug\stdafx.obj
C:\Users\seba\Documents\sources\virt_drive\test_drv5\drv_installer\Debug\cl.command.1.tlog
C:\Users\seba\Documents\sources\virt_drive\test_drv5\drv_installer\Debug\CL.read.1.tlog
C:\Users\seba\Documents\sources\virt_drive\test_drv5\drv_installer\Debug\CL.write.1.tlog
C:\Users\seba\Documents\sources\virt_drive\test_drv5\drv_installer\Debug\link-cvtres.read.1.tlog
C:\Users\seba\Documents\sources\virt_drive\test_drv5\drv_installer\Debug\link-cvtres.write.1.tlog
C:\Users\seba\Documents\sources\virt_drive\test_drv5\drv_installer\Debug\link-rc.read.1.tlog
C:\Users\seba\Documents\sources\virt_drive\test_drv5\drv_installer\Debug\link-rc.write.1.tlog
C:\Users\seba\Documents\sources\virt_drive\test_drv5\drv_installer\Debug\link.command.1.tlog
C:\Users\seba\Documents\sources\virt_drive\test_drv5\drv_installer\Debug\link.read.1.tlog
C:\Users\seba\Documents\sources\virt_drive\test_drv5\drv_installer\Debug\link.write.1.tlog
C:\Users\seba\Documents\sources\virt_drive\test_drv5\drv_installer\Debug\vc110.idb
C:\Users\seba\Documents\sources\virt_drive\test_drv5\drv_installer\Debug\vc110.pdb
C:\Users\seba\Documents\sources\virt_drive\test_drv5\Debug\drv_installer.pdb
C:\Users\seba\Documents\sources\virt_drive\test_drv5\Debug\drv_installer.exe
C:\Users\seba\Documents\sources\virt_drive\test_drv5\Debug\drv_installer.ilk
