C:\USERS\SEBA\DOCUMENTS\SOURCES\VIRT_DRIVE\TEST_DRV5\DRV_UNINSTALLER\DEBUG\DRV_UNINSTALLER.OBJ
C:\USERS\SEBA\DOCUMENTS\SOURCES\VIRT_DRIVE\TEST_DRV5\DRV_UNINSTALLER\DEBUG\VC110.PDB
C:\USERS\SEBA\DOCUMENTS\SOURCES\VIRT_DRIVE\TEST_DRV5\DEBUG\DRV_UNINSTALLER.ILK
C:\USERS\SEBA\DOCUMENTS\SOURCES\VIRT_DRIVE\TEST_DRV5\DEBUG\DRV_UNINSTALLER.EXE
C:\USERS\SEBA\DOCUMENTS\SOURCES\VIRT_DRIVE\TEST_DRV5\DEBUG\DRV_UNINSTALLER.PDB
C:\Users\seba\Documents\sources\virt_drive\test_drv5\drv_uninstaller\Debug\drv_uninstaller.obj
C:\Users\seba\Documents\sources\virt_drive\test_drv5\drv_uninstaller\Debug\cl.command.1.tlog
C:\Users\seba\Documents\sources\virt_drive\test_drv5\drv_uninstaller\Debug\CL.read.1.tlog
C:\Users\seba\Documents\sources\virt_drive\test_drv5\drv_uninstaller\Debug\CL.write.1.tlog
C:\Users\seba\Documents\sources\virt_drive\test_drv5\drv_uninstaller\Debug\link-cvtres.read.1.tlog
C:\Users\seba\Documents\sources\virt_drive\test_drv5\drv_uninstaller\Debug\link-cvtres.write.1.tlog
C:\Users\seba\Documents\sources\virt_drive\test_drv5\drv_uninstaller\Debug\link-rc.read.1.tlog
C:\Users\seba\Documents\sources\virt_drive\test_drv5\drv_uninstaller\Debug\link-rc.write.1.tlog
C:\Users\seba\Documents\sources\virt_drive\test_drv5\drv_uninstaller\Debug\link.command.1.tlog
C:\Users\seba\Documents\sources\virt_drive\test_drv5\drv_uninstaller\Debug\link.read.1.tlog
C:\Users\seba\Documents\sources\virt_drive\test_drv5\drv_uninstaller\Debug\link.write.1.tlog
C:\Users\seba\Documents\sources\virt_drive\test_drv5\drv_uninstaller\Debug\vc110.idb
C:\Users\seba\Documents\sources\virt_drive\test_drv5\drv_uninstaller\Debug\vc110.pdb
C:\Users\seba\Documents\sources\virt_drive\test_drv5\Debug\drv_uninstaller.pdb
C:\Users\seba\Documents\sources\virt_drive\test_drv5\Debug\drv_uninstaller.exe
C:\Users\seba\Documents\sources\virt_drive\test_drv5\Debug\drv_uninstaller.ilk
