C:\USERS\SEBA\DOCUMENTS\SOURCES\VIRT_DRIVE\TEST_DRV5\DRV_STARTER\DEBUG\DRV_STARTER.OBJ
C:\USERS\SEBA\DOCUMENTS\SOURCES\VIRT_DRIVE\TEST_DRV5\DRV_STARTER\DEBUG\VC110.PDB
C:\USERS\SEBA\DOCUMENTS\SOURCES\VIRT_DRIVE\TEST_DRV5\DEBUG\DRV_STARTER.ILK
C:\USERS\SEBA\DOCUMENTS\SOURCES\VIRT_DRIVE\TEST_DRV5\DEBUG\DRV_STARTER.EXE
C:\USERS\SEBA\DOCUMENTS\SOURCES\VIRT_DRIVE\TEST_DRV5\DEBUG\DRV_STARTER.PDB
C:\Users\seba\Documents\sources\virt_drive\test_drv5\drv_starter\Debug\drv_starter.obj
C:\Users\seba\Documents\sources\virt_drive\test_drv5\drv_starter\Debug\cl.command.1.tlog
C:\Users\seba\Documents\sources\virt_drive\test_drv5\drv_starter\Debug\CL.read.1.tlog
C:\Users\seba\Documents\sources\virt_drive\test_drv5\drv_starter\Debug\CL.write.1.tlog
C:\Users\seba\Documents\sources\virt_drive\test_drv5\drv_starter\Debug\link-cvtres.read.1.tlog
C:\Users\seba\Documents\sources\virt_drive\test_drv5\drv_starter\Debug\link-cvtres.write.1.tlog
C:\Users\seba\Documents\sources\virt_drive\test_drv5\drv_starter\Debug\link-rc.read.1.tlog
C:\Users\seba\Documents\sources\virt_drive\test_drv5\drv_starter\Debug\link-rc.write.1.tlog
C:\Users\seba\Documents\sources\virt_drive\test_drv5\drv_starter\Debug\link.command.1.tlog
C:\Users\seba\Documents\sources\virt_drive\test_drv5\drv_starter\Debug\link.read.1.tlog
C:\Users\seba\Documents\sources\virt_drive\test_drv5\drv_starter\Debug\link.write.1.tlog
C:\Users\seba\Documents\sources\virt_drive\test_drv5\drv_starter\Debug\vc110.idb
C:\Users\seba\Documents\sources\virt_drive\test_drv5\drv_starter\Debug\vc110.pdb
C:\Users\seba\Documents\sources\virt_drive\test_drv5\Debug\drv_starter.pdb
C:\Users\seba\Documents\sources\virt_drive\test_drv5\Debug\drv_starter.exe
C:\Users\seba\Documents\sources\virt_drive\test_drv5\Debug\drv_starter.ilk
